0 info it worked if it ends with ok
1 verbose cli [ 'C:\\Program Files\\nodejs\\node.exe',
1 verbose cli   'C:\\Users\\kloi\\AppData\\Roaming\\npm\\node_modules\\npm\\bin\\npm-cli.js',
1 verbose cli   'start' ]
2 info using npm@4.0.2
3 info using node@v6.9.1
4 verbose run-script [ 'prestart', 'start', 'poststart' ]
5 info lifecycle desert-monsters-auth-service@1.0.0~prestart: desert-monsters-auth-service@1.0.0
6 silly lifecycle desert-monsters-auth-service@1.0.0~prestart: no script for prestart, continuing
7 info lifecycle desert-monsters-auth-service@1.0.0~start: desert-monsters-auth-service@1.0.0
8 verbose lifecycle desert-monsters-auth-service@1.0.0~start: unsafe-perm in lifecycle true
9 verbose lifecycle desert-monsters-auth-service@1.0.0~start: PATH: C:\Users\kloi\AppData\Roaming\npm\node_modules\npm\bin\node-gyp-bin;D:\Work\Desert Monsters\desert-monsters-auth-service\node_modules\.bin;c:\program files (x86)\graphicsmagick-1.3.21-q8;C:\Program Files (x86)\ImageMagick-6.9.1-Q16;C:\Program Files (x86)\Intel\iCLS Client\;C:\Program Files\Intel\iCLS Client\;C:\Windows\system32;C:\Windows;C:\Windows\System32\Wbem;C:\Windows\System32\WindowsPowerShell\v1.0\;C:\Program Files\Intel\Intel(R) Management Engine Components\DAL;C:\Program Files (x86)\Intel\Intel(R) Management Engine Components\DAL;C:\Program Files\Intel\Intel(R) Management Engine Components\IPT;C:\Program Files (x86)\Intel\Intel(R) Management Engine Components\IPT;C:\Program Files (x86)\Git\cmd;C:\Program Files\Microsoft SQL Server\110\Tools\Binn\;C:\Program Files\Microsoft SQL Server\120\Tools\Binn\;C:\Program Files\MySQL\MySQL Enterprise Backup 3.11.1\;C:\Program Files (x86)\MySQL\MySQL Utilities\;C:\Program Files (x86)\MySQL\MySQL Utilities\Doctrine extensions for PHP\;C:\Program Files (x86)\Calibre2\;C:\Program Files (x86)\NVIDIA Corporation\PhysX\Common;C:\Program Files\Google\Cloud SDK\google-cloud-sdk\bin;C:\Users\kloi\AppData\Roaming\nvm;C:\Program Files\nodejs;C:\Program Files (x86)\Brackets\command;C:\Program Files (x86)\Skype\Phone\;C:\Program Files\Microsoft SQL Server\130\Tools\Binn\;C:\Program Files (x86)\Yarn\bin;C:\Program Files\nodejs\;C:\Program Files (x86)\Windows Kits\8.1\Windows Performance Toolkit\;C:\HashiCorp\Vagrant\bin;C:\Users\kloi\.dnx\bin;C:\Program Files\Microsoft DNX\Dnvm\;C:\Go\bin;C:\Ruby22-x64\bin;C:\Users\kloi\AppData\Roaming\nvm;C:\Program Files\nodejs;C:\Users\kloi\AppData\Local\atom\bin;C:\Program Files (x86)\Microsoft VS Code\bin;C:\Program Files\Docker Toolbox;C:\Program Files (x86)\Java\jdk1.7.0_80\bin;C:\Users\kloi\AppData\Local\Yarn\.bin;C:\Users\kloi\AppData\Roaming\npm
10 verbose lifecycle desert-monsters-auth-service@1.0.0~start: CWD: D:\Work\Desert Monsters\desert-monsters-auth-service
11 silly lifecycle desert-monsters-auth-service@1.0.0~start: Args: [ '/d /s /c', 'node .' ]
12 silly lifecycle desert-monsters-auth-service@1.0.0~start: Returned: code: 1  signal: null
13 info lifecycle desert-monsters-auth-service@1.0.0~start: Failed to exec start script
14 verbose stack Error: desert-monsters-auth-service@1.0.0 start: `node .`
14 verbose stack Exit status 1
14 verbose stack     at EventEmitter.<anonymous> (C:\Users\kloi\AppData\Roaming\npm\node_modules\npm\lib\utils\lifecycle.js:279:16)
14 verbose stack     at emitTwo (events.js:106:13)
14 verbose stack     at EventEmitter.emit (events.js:191:7)
14 verbose stack     at ChildProcess.<anonymous> (C:\Users\kloi\AppData\Roaming\npm\node_modules\npm\lib\utils\spawn.js:40:14)
14 verbose stack     at emitTwo (events.js:106:13)
14 verbose stack     at ChildProcess.emit (events.js:191:7)
14 verbose stack     at maybeClose (internal/child_process.js:877:16)
14 verbose stack     at Process.ChildProcess._handle.onexit (internal/child_process.js:226:5)
15 verbose pkgid desert-monsters-auth-service@1.0.0
16 verbose cwd D:\Work\Desert Monsters\desert-monsters-auth-service
17 error Windows_NT 6.3.9600
18 error argv "C:\\Program Files\\nodejs\\node.exe" "C:\\Users\\kloi\\AppData\\Roaming\\npm\\node_modules\\npm\\bin\\npm-cli.js" "start"
19 error node v6.9.1
20 error npm  v4.0.2
21 error code ELIFECYCLE
22 error desert-monsters-auth-service@1.0.0 start: `node .`
22 error Exit status 1
23 error Failed at the desert-monsters-auth-service@1.0.0 start script 'node .'.
23 error Make sure you have the latest version of node.js and npm installed.
23 error If you do, this is most likely a problem with the desert-monsters-auth-service package,
23 error not with npm itself.
23 error Tell the author that this fails on your system:
23 error     node .
23 error You can get information on how to open an issue for this project with:
23 error     npm bugs desert-monsters-auth-service
23 error Or if that isn't available, you can get their info via:
23 error     npm owner ls desert-monsters-auth-service
23 error There is likely additional logging output above.
24 verbose exit [ 1, true ]
